<?xml version="1.0" encoding="UTF-8"?>
<!-- Generated by org.testng.reporters.JUnitXMLReporter -->
<testsuite ignored="3" hostname="LAPTOP-D3DT1504" failures="0" tests="1" name="Default test" time="25.572" errors="0" timestamp="2022-02-02T00:00:18 EST">
  <testcase classname="testlayer.TestDB" name="product" time="18.509"/>
  <testcase classname="testlayer.TestDB" name="signup" time="0.0">
    <ignored/>
  </testcase> <!-- signup -->
  <testcase classname="testlayer.TestDB" name="login" time="0.0">
    <ignored/>
  </testcase> <!-- login -->
  <testcase classname="testlayer.TestDB" name="Title" time="0.0">
    <ignored/>
  </testcase> <!-- Title -->
</testsuite> <!-- Default test -->
