<?xml version="1.0" encoding="UTF-8"?>
<testng-results ignored="3" total="4" passed="1" failed="0" skipped="0">
  <reporter-output>
  </reporter-output>
  <suite started-at="2022-02-01T23:59:52 EST" name="Default suite" finished-at="2022-02-02T00:00:18 EST" duration-ms="25572">
    <groups>
    </groups>
    <test started-at="2022-02-01T23:59:52 EST" name="Default test" finished-at="2022-02-02T00:00:18 EST" duration-ms="25572">
      <class name="testlayer.TestDB">
        <test-method is-config="true" signature="initsetup()[pri:0, instance:testlayer.TestDB@441772e]" started-at="2022-02-01T23:59:53 EST" name="initsetup" finished-at="2022-02-01T23:59:58 EST" duration-ms="5444" status="PASS">
          <reporter-output>
          </reporter-output>
        </test-method> <!-- initsetup -->
        <test-method signature="product(java.lang.String,java.lang.String)[pri:4, instance:testlayer.TestDB@441772e]" started-at="2022-02-01T23:59:58 EST" name="product" data-provider="Demoexecelsheet" finished-at="2022-02-02T00:00:17 EST" duration-ms="18509" status="PASS">
          <params>
            <param index="0">
              <value>
                <![CDATA[Demo1234567]]>
              </value>
            </param>
            <param index="1">
              <value>
                <![CDATA[blaze32109876]]>
              </value>
            </param>
          </params>
          <reporter-output>
          </reporter-output>
        </test-method> <!-- product -->
        <test-method is-config="true" signature="close()[pri:0, instance:testlayer.TestDB@441772e]" started-at="2022-02-02T00:00:17 EST" name="close" finished-at="2022-02-02T00:00:18 EST" duration-ms="875" status="PASS">
          <reporter-output>
          </reporter-output>
        </test-method> <!-- close -->
      </class> <!-- testlayer.TestDB -->
    </test> <!-- Default test -->
  </suite> <!-- Default suite -->
</testng-results>
